\BOOKMARK [0][-]{chapter.1}{\376\377\004\022\004\065\004\111\004\065\004\101\004\102\004\062\004\065\004\075\004\075\004\113\004\065\000\040\004\107\004\070\004\101\004\073\004\060}{}% 1
\BOOKMARK [1][-]{section.1.1}{\376\377\004\032\004\062\004\060\004\075\004\102\004\076\004\100\004\113\000\040\004\070\000\040\004\076\004\061\004\076\004\067\004\075\004\060\004\107\004\065\004\075\004\070\004\117}{chapter.1}% 2
\BOOKMARK [1][-]{section.1.2}{\376\377\004\037\004\060\004\100\004\060\004\064\004\076\004\072\004\101\000\040\004\040\004\060\004\101\004\101\004\065\004\073\004\060}{chapter.1}% 3
\BOOKMARK [1][-]{section.1.3}{\376\377\004\024\004\065\004\072\004\060\004\100\004\102\004\076\004\062\004\076\000\040\004\077\004\100\004\076\004\070\004\067\004\062\004\065\004\064\004\065\004\075\004\070\004\065\000\040\004\074\004\075\004\076\004\066\004\065\004\101\004\102\004\062}{chapter.1}% 4
\BOOKMARK [1][-]{section.1.4}{\376\377\004\044\004\103\004\075\004\072\004\106\004\070\004\117}{chapter.1}% 5
\BOOKMARK [1][-]{section.1.5}{\376\377\004\037\004\076\004\101\004\073\004\065\004\064\004\076\004\062\004\060\004\102\004\065\004\073\004\114\004\075\004\076\004\101\004\102\004\114}{chapter.1}% 6
\BOOKMARK [1][-]{section.1.6}{\376\377\004\022\004\065\004\111\004\065\004\101\004\102\004\062\004\065\004\075\004\075\004\113\004\065\000\040\004\107\004\070\004\101\004\073\004\060\000\040\000I\000:\000\040\004\060\004\072\004\101\004\070\004\076\004\074\004\113}{chapter.1}% 7
\BOOKMARK [1][-]{section.1.7}{\376\377\004\022\004\065\004\111\004\065\004\101\004\102\004\062\004\065\004\075\004\075\004\113\004\065\000\040\004\107\004\070\004\101\004\073\004\060\000\040\000I\000I\000:\000\040\004\101\004\065\004\107\004\065\004\075\004\070\004\117\000\040\004\024\004\065\004\064\004\065\004\072\004\070\004\075\004\064\004\060}{chapter.1}% 8
\BOOKMARK [1][-]{section.1.8}{\376\377\004\022\004\065\004\111\004\065\004\101\004\102\004\062\004\065\004\075\004\075\004\113\004\065\000\040\004\107\004\070\004\101\004\073\004\060\000\040\000I\000I\000I\000:\000\040\004\061\004\065\004\101\004\072\004\076\004\075\004\065\004\107\004\075\004\113\004\065\000\040\004\064\004\065\004\101\004\117\004\102\004\070\004\107\004\075\004\113\004\065\000\040\004\077\004\076\004\101\004\073\004\065\004\064\004\076\004\062\004\060\004\102\004\065\004\073\004\114\004\075\004\076\004\101\004\102\004\070}{chapter.1}% 9
\BOOKMARK [1][-]{section.1.9}{\376\377\004\022\004\065\004\111\004\065\004\101\004\102\004\062\004\065\004\075\004\075\004\060\004\117\000\040\004\077\004\100\004\117\004\074\004\060\004\117}{chapter.1}% 10
\BOOKMARK [1][-]{section.1.10}{\376\377\004\022\004\065\004\100\004\105\004\075\004\117\004\117\000\040\004\070\000\040\004\075\004\070\004\066\004\075\004\117\004\117\000\040\004\063\004\100\004\060\004\075\004\070}{chapter.1}% 11
\BOOKMARK [1][-]{section.1.11}{\376\377\004\034\004\060\004\072\004\101\004\070\004\074\004\060\004\073\004\114\004\075\004\113\004\071\000\040\004\070\000\040\004\074\004\070\004\075\004\070\004\074\004\060\004\073\004\114\004\075\004\113\004\071\000\040\004\115\004\073\004\065\004\074\004\065\004\075\004\102\004\113}{chapter.1}% 12
\BOOKMARK [1][-]{section.1.12}{\376\377\004\041\004\103\004\077\004\100\004\065\004\074\004\103\004\074}{chapter.1}% 13
\BOOKMARK [1][-]{section.1.13}{\376\377\004\030\004\075\004\104\004\070\004\074\004\103\004\074}{chapter.1}% 14
\BOOKMARK [0][-]{chapter.2}{\376\377\004\037\004\100\004\065\004\064\004\065\004\073\000\040\004\077\004\076\004\101\004\073\004\065\004\064\004\076\004\062\004\060\004\102\004\065\004\073\004\114\004\075\004\076\004\101\004\102\004\070}{}% 15
\BOOKMARK [1][-]{section.2.1}{\376\377\004\047\004\070\004\101\004\073\004\076\004\062\004\060\004\117\000\040\004\077\004\076\004\101\004\073\004\065\004\064\004\076\004\062\004\060\004\102\004\065\004\073\004\114\004\075\004\076\004\101\004\102\004\114}{chapter.2}% 16
\BOOKMARK [1][-]{section.2.2}{\376\377\004\037\004\100\004\065\004\064\004\065\004\073\000\040\004\077\004\076\004\101\004\073\004\065\004\064\004\076\004\062\004\060\004\102\004\065\004\073\004\114\004\075\004\076\004\101\004\102\004\070}{chapter.2}% 17
\BOOKMARK [1][-]{section.2.3}{\376\377\004\025\004\064\004\070\004\075\004\101\004\102\004\062\004\065\004\075\004\075\004\076\004\101\004\102\004\114\000\040\004\077\004\100\004\065\004\064\004\065\004\073\004\060}{chapter.2}% 18
\BOOKMARK [1][-]{section.2.4}{\376\377\004\036\004\063\004\100\004\060\004\075\004\070\004\107\004\065\004\075\004\075\004\060\004\117\000\040\004\077\004\076\004\101\004\073\004\065\004\064\004\076\004\062\004\060\004\102\004\065\004\073\004\114\004\075\004\076\004\101\004\102\004\114}{chapter.2}% 19
\BOOKMARK [1][-]{section.2.5}{\376\377\004\020\004\100\004\070\004\104\004\074\004\065\004\102\004\070\004\107\004\065\004\101\004\072\004\070\004\065\000\040\004\101\004\062\004\076\004\071\004\101\004\102\004\062\004\060\000\040\004\077\004\100\004\065\004\064\004\065\004\073\004\060}{chapter.2}% 20
\BOOKMARK [1][-]{section.2.6}{\376\377\004\033\004\065\004\074\004\074\004\060\000\040\004\076\000\040\004\067\004\060\004\066\004\060\004\102\004\076\004\071\000\040\004\077\004\076\004\101\004\073\004\065\004\064\004\076\004\062\004\060\004\102\004\065\004\073\004\114\004\075\004\076\004\101\004\102\004\070}{chapter.2}% 21
\BOOKMARK [1][-]{section.2.7}{\376\377\004\042\004\065\004\076\004\100\004\065\004\074\004\060\000\040\004\022\004\065\004\071\004\065\004\100\004\110\004\102\004\100\004\060\004\101\004\101\004\060}{chapter.2}% 22
\BOOKMARK [1][-]{section.2.8}{\376\377\004\047\004\070\004\101\004\073\004\076\000\040\000e}{chapter.2}% 23
\BOOKMARK [1][-]{section.2.9}{\376\377\004\037\004\100\004\070\004\075\004\106\004\070\004\077\000\040\004\062\004\073\004\076\004\066\004\065\004\075\004\075\004\113\004\105\000\040\004\076\004\102\004\100\004\065\004\067\004\072\004\076\004\062}{chapter.2}% 24
\BOOKMARK [1][-]{section.2.10}{\376\377\004\037\004\076\004\064\004\077\004\076\004\101\004\073\004\065\004\064\004\076\004\062\004\060\004\102\004\065\004\073\004\114\004\075\004\076\004\101\004\102\004\114}{chapter.2}% 25
\BOOKMARK [1][-]{section.2.11}{\376\377\004\035\004\070\004\066\004\075\004\070\004\071\000\040\004\070\000\040\004\062\004\065\004\100\004\105\004\075\004\070\004\071\000\040\004\107\004\060\004\101\004\102\004\070\004\107\004\075\004\113\004\065\000\040\004\077\004\100\004\065\004\064\004\065\004\073\004\113}{chapter.2}% 26
\BOOKMARK [1][-]{section.2.12}{\376\377\004\042\004\065\004\076\004\100\004\065\004\074\004\060\000\040\004\021\004\076\004\073\004\114\004\106\004\060\004\075\004\076}{chapter.2}% 27
\BOOKMARK [1][-]{section.2.13}{\376\377\004\044\004\103\004\075\004\064\004\060\004\074\004\065\004\075\004\102\004\060\004\073\004\114\004\075\004\060\004\117\000\040\004\077\004\076\004\101\004\073\004\065\004\064\004\076\004\062\004\060\004\102\004\065\004\073\004\114\004\075\004\076\004\101\004\102\004\114}{chapter.2}% 28
\BOOKMARK [1][-]{section.2.14}{\376\377\004\032\004\100\004\070\004\102\004\065\004\100\004\070\004\071\000\040\004\032\004\076\004\110\004\070}{chapter.2}% 29
\BOOKMARK [1][-]{section.2.15}{\376\377\004\044\004\103\004\075\004\064\004\060\004\074\004\065\004\075\004\102\004\060\004\073\004\114\004\075\004\060\004\117\000\040\004\077\004\076\004\101\004\073\004\065\004\064\004\076\004\062\004\060\004\102\004\065\004\073\004\114\004\075\004\076\004\101\004\102\004\114}{chapter.2}% 30
\BOOKMARK [1][-]{section.2.16}{\376\377\004\047\004\070\004\101\004\073\004\076\004\062\004\113\004\065\000\040\004\100\004\117\004\064\004\113}{chapter.2}% 31
\BOOKMARK [1][-]{section.2.17}{\376\377\004\032\004\100\004\070\004\102\004\065\004\100\004\070\004\071\000\040\004\032\004\076\004\110\004\070\000\040\004\101\004\105\004\076\004\064\004\070\004\074\004\076\004\101\004\102\004\070\000\040\004\100\004\117\004\064\004\060}{chapter.2}% 32
\BOOKMARK [1][-]{section.2.18}{\376\377\004\035\004\065\004\076\004\061\004\105\004\076\004\064\004\070\004\074\004\076\004\065\000\040\004\103\004\101\004\073\004\076\004\062\004\070\004\065\000\040\004\101\004\105\004\076\004\064\004\070\004\074\004\076\004\101\004\102\004\070\000\040\004\100\004\117\004\064\004\060}{chapter.2}% 33
\BOOKMARK [1][-]{section.2.19}{\376\377\004\020\004\061\004\101\004\076\004\073\004\116\004\102\004\075\004\060\004\117\000\040\004\101\004\105\004\076\004\064\004\070\004\074\004\076\004\101\004\102\004\114}{chapter.2}% 34
\BOOKMARK [1][-]{section.2.20}{\376\377\004\020\004\061\004\101\004\076\004\073\004\116\004\102\004\075\004\060\004\117\000\040\004\070\000\040\004\103\004\101\004\073\004\076\004\062\004\075\004\060\004\117\000\040\004\101\004\105\004\076\004\064\004\070\004\074\004\076\004\101\004\102\004\114}{chapter.2}% 35
\BOOKMARK [1][-]{section.2.21}{\376\377\004\037\004\100\004\070\004\067\004\075\004\060\004\072\000\040\004\101\004\100\004\060\004\062\004\075\004\065\004\075\004\070\004\117}{chapter.2}% 36
\BOOKMARK [1][-]{section.2.22}{\376\377\004\037\004\100\004\070\004\067\004\075\004\060\004\072\000\040\004\032\004\076\004\110\004\070}{chapter.2}% 37
\BOOKMARK [1][-]{section.2.23}{\376\377\004\037\004\065\004\100\004\065\004\101\004\102\004\060\004\075\004\076\004\062\004\072\004\060\000\040\004\107\004\073\004\065\004\075\004\076\004\062\000\040\004\100\004\117\004\064\004\060}{chapter.2}% 38
\BOOKMARK [0][-]{chapter.3}{\376\377\004\037\004\100\004\065\004\064\004\065\004\073\000\040\004\104\004\103\004\075\004\072\004\106\004\070\004\070}{}% 39
\BOOKMARK [1][-]{section.3.1}{\376\377\004\036\004\072\004\100\004\065\004\101\004\102\004\075\004\076\004\101\004\102\004\070}{chapter.3}% 40
\BOOKMARK [1][-]{section.3.2}{\376\377\004\022\004\075\004\103\004\102\004\100\004\065\004\075\004\075\004\070\004\065\000,\000\040\004\077\004\100\004\065\004\064\004\065\004\073\004\114\004\075\004\113\004\065\000\040\004\070\000\040\004\063\004\100\004\060\004\075\004\070\004\107\004\075\004\113\004\065\000\040\004\102\004\076\004\107\004\072\004\070}{chapter.3}% 41
\BOOKMARK [1][-]{section.3.3}{\376\377\004\037\004\100\004\065\004\064\004\065\004\073\000\040\004\104\004\103\004\075\004\072\004\106\004\070\004\070\000\040\004\077\004\076\000\040\004\032\004\076\004\110\004\070}{chapter.3}% 42
\BOOKMARK [1][-]{section.3.4}{\376\377\004\037\004\100\004\065\004\064\004\065\004\073\000\040\004\104\004\103\004\075\004\072\004\106\004\070\004\070\000\040\004\077\004\076\000\040\004\023\004\065\004\071\004\075\004\065}{chapter.3}% 43
\BOOKMARK [1][-]{section.3.5}{\376\377\004\020\004\100\004\070\004\104\004\074\004\065\004\102\004\070\004\107\004\065\004\101\004\072\004\070\004\065\000\040\004\101\004\062\004\076\004\071\004\101\004\102\004\062\004\060\000\040\004\077\004\100\004\065\004\064\004\065\004\073\004\060\000\040\004\104\004\103\004\075\004\072\004\106\004\070\004\070\000\040\004\070\000\040\004\075\004\065\004\100\004\060\004\062\004\065\004\075\004\101\004\102\004\062\004\060}{chapter.3}% 44
\BOOKMARK [1][-]{section.3.6}{\376\377\004\042\004\065\004\076\004\100\004\065\004\074\004\060\000\040\004\076\000\040\004\077\004\100\004\065\004\064\004\065\004\073\004\065\000\040\004\101\004\073\004\076\004\066\004\075\004\076\004\071\000\040\004\104\004\103\004\075\004\072\004\106\004\070\004\070}{chapter.3}% 45
\BOOKMARK [1][-]{section.3.7}{\376\377\004\037\004\065\004\100\004\062\004\113\004\071\000\040\004\067\004\060\004\074\004\065\004\107\004\060\004\102\004\065\004\073\004\114\004\075\004\113\004\071\000\040\004\077\004\100\004\065\004\064\004\065\004\073}{chapter.3}% 46
\BOOKMARK [1][-]{section.3.8}{\376\377\004\022\004\102\004\076\004\100\004\076\004\071\000\040\004\067\004\060\004\074\004\065\004\107\004\060\004\102\004\065\004\073\004\114\004\075\004\113\004\071\000\040\004\077\004\100\004\065\004\064\004\065\004\073}{chapter.3}% 47
\BOOKMARK [1][-]{section.3.9}{\376\377\004\032\004\100\004\070\004\102\004\065\004\100\004\070\004\071\000\040\004\032\004\076\004\110\004\070}{chapter.3}% 48
\BOOKMARK [1][-]{section.3.10}{\376\377\004\037\004\100\004\065\004\064\004\065\004\073\004\113\000\040\004\101\004\077\004\100\004\060\004\062\004\060\000\040\004\070\000\040\004\101\004\073\004\065\004\062\004\060}{chapter.3}% 49
\BOOKMARK [1][-]{section.3.11}{\376\377\004\042\004\065\004\076\004\100\004\065\004\074\004\060\000\040\004\022\004\065\004\071\004\065\004\100\004\110\004\102\004\100\004\060\004\101\004\101\004\060}{chapter.3}% 50
\BOOKMARK [1][-]{section.3.12}{\376\377\004\036\004\102\004\075\004\076\004\110\004\065\004\075\004\070\004\065\000\040\004\115\004\072\004\062\004\070\004\062\004\060\004\073\004\065\004\075\004\102\004\075\004\076\004\101\004\102\004\070}{chapter.3}% 51
\BOOKMARK [1][-]{section.3.13}{\376\377\004\032\004\073\004\060\004\101\004\101\004\113\000\040\004\115\004\072\004\062\004\070\004\062\004\060\004\073\004\065\004\075\004\102\004\075\004\076\004\101\004\102\004\070}{chapter.3}% 52
\BOOKMARK [1][-]{section.3.14}{\376\377\004\055\004\072\004\062\004\070\004\062\004\060\004\073\004\065\004\075\004\102\004\075\004\076\004\101\004\102\004\114\000\040\004\104\004\103\004\075\004\072\004\106\004\070\004\071}{chapter.3}% 53
\BOOKMARK [1][-]{section.3.15}{\376\377\004\041\004\062\004\076\004\071\004\101\004\102\004\062\004\060\000\040\004\076\004\102\004\075\004\076\004\110\004\065\004\075\004\070\004\117\000\040\004\115\004\072\004\062\004\070\004\062\004\060\004\073\004\065\004\075\004\102\004\075\004\076\004\101\004\102\004\070}{chapter.3}% 54
\BOOKMARK [1][-]{section.3.16}{\376\377\004\037\004\076\004\064\004\101\004\107\004\065\004\102\000\040\004\077\004\100\004\065\004\064\004\065\004\073\004\076\004\062}{chapter.3}% 55
\BOOKMARK [1][-]{section.3.17}{\376\377\000o\000-\004\074\004\060\004\073\004\076\004\065}{chapter.3}% 56
\BOOKMARK [1][-]{section.3.18}{\376\377\000O\000-\004\061\004\076\004\073\004\114\004\110\004\076\004\065}{chapter.3}% 57
\BOOKMARK [1][-]{section.3.19}{\376\377\004\041\004\062\004\076\004\071\004\101\004\102\004\062\004\060\000\040\000o\000-\004\074\004\060\004\073\004\076\004\063\004\076\000\040\004\070\000\040\000O\000-\004\061\004\076\004\073\004\114\004\110\004\076\004\063\004\076}{chapter.3}% 58
\BOOKMARK [0][-]{chapter.4}{\376\377\004\035\004\065\004\077\004\100\004\065\004\100\004\113\004\062\004\075\004\113\004\065\000\040\004\104\004\103\004\075\004\072\004\106\004\070\004\070}{}% 59
\BOOKMARK [1][-]{section.4.1}{\376\377\004\035\004\065\004\077\004\100\004\065\004\100\004\113\004\062\004\075\004\076\004\101\004\102\004\114\000\040\004\072\004\076\004\074\004\077\004\076\004\067\004\070\004\106\004\070\004\070}{chapter.4}% 60
\BOOKMARK [1][-]{section.4.2}{\376\377\004\032\004\073\004\060\004\101\004\101\004\070\004\104\004\070\004\072\004\060\004\106\004\070\004\117\000\040\004\100\004\060\004\067\004\100\004\113\004\062\004\076\004\062}{chapter.4}% 61
\BOOKMARK [1][-]{section.4.3}{\376\377\004\040\004\060\004\067\004\100\004\113\004\062\004\113\000\040\004\074\004\076\004\075\004\076\004\102\004\076\004\075\004\075\004\076\004\071\000\040\004\104\004\103\004\075\004\072\004\106\004\070\004\070}{chapter.4}% 62
\BOOKMARK [1][-]{section.4.4}{\376\377\004\042\004\065\004\076\004\100\004\065\004\074\004\060\000\040\004\022\004\065\004\071\004\065\004\100\004\110\004\102\004\100\004\060\004\101\004\101\004\060}{chapter.4}% 63
\BOOKMARK [1][-]{section.4.5}{\376\377\004\042\004\065\004\076\004\100\004\065\004\074\004\060\000\040\004\076\000\040\004\077\004\100\004\076\004\074\004\065\004\066\004\103\004\102\004\076\004\107\004\075\004\076\004\074\000\040\004\067\004\075\004\060\004\107\004\065\004\075\004\070\004\070}{chapter.4}% 64
\BOOKMARK [1][-]{section.4.6}{\376\377\004\035\004\065\004\077\004\100\004\065\004\100\004\113\004\062\004\075\004\076\004\101\004\102\004\114\000\040\004\076\004\061\004\100\004\060\004\102\004\075\004\076\004\071\000\040\004\104\004\103\004\075\004\072\004\106\004\070\004\070}{chapter.4}% 65
\BOOKMARK [1][-]{section.4.7}{\376\377\004\037\004\076\004\101\004\102\004\100\004\076\004\065\004\075\004\070\004\065\000\040\004\077\004\076\004\072\004\060\004\067\004\060\004\102\004\065\004\073\004\114\004\075\004\076\004\071\000\040\004\104\004\103\004\075\004\072\004\106\004\070\004\070}{chapter.4}% 66
\BOOKMARK [0][-]{chapter.5}{\376\377\004\037\004\100\004\076\004\070\004\067\004\062\004\076\004\064\004\075\004\060\004\117}{}% 67
\BOOKMARK [0][-]{chapter.6}{\376\377\004\030\004\101\004\101\004\073\004\065\004\064\004\076\004\062\004\060\004\075\004\070\004\065\000\040\004\104\004\103\004\075\004\072\004\106\004\070\004\071\000\040\004\101\000\040\004\077\004\076\004\074\004\076\004\111\004\114\004\116\000\040\004\077\004\100\004\076\004\070\004\067\004\062\004\076\004\064\004\075\004\113\004\105}{}% 68
\BOOKMARK [1][-]{section.6.1}{\376\377\004\035\004\065\004\076\004\061\004\105\004\076\004\064\004\070\004\074\004\076\004\065\000\040\004\103\004\101\004\073\004\076\004\062\004\070\004\065\000\040\004\115\004\072\004\101\004\102\004\100\004\065\004\074\004\103\004\074\004\060}{chapter.6}% 69
\BOOKMARK [1][-]{section.6.2}{\376\377\004\024\004\076\004\101\004\102\004\060\004\102\004\076\004\107\004\075\004\076\004\065\000\040\004\103\004\101\004\073\004\076\004\062\004\070\004\065\000\040\004\115\004\072\004\101\004\102\004\100\004\065\004\074\004\103\004\074\004\060}{chapter.6}% 70
\BOOKMARK [1][-]{section.6.3}{\376\377\004\022\004\113\004\077\004\103\004\072\004\073\004\076\004\101\004\102\004\114\000\040\004\070\000\040\004\062\004\076\004\063\004\075\004\103\004\102\004\076\004\101\004\102\004\114}{chapter.6}% 71
\BOOKMARK [1][-]{section.6.4}{\376\377\004\035\004\065\004\100\004\060\004\062\004\065\004\075\004\101\004\102\004\062\004\076\000\040\004\031\004\065\004\075\004\101\004\065\004\075\004\060}{chapter.6}% 72
\BOOKMARK [1][-]{section.6.5}{\376\377\004\020\004\101\004\070\004\074\004\077\004\102\004\076\004\102\004\113}{chapter.6}% 73
\BOOKMARK [0][-]{chapter.7}{\376\377\004\037\004\065\004\100\004\062\004\076\004\076\004\061\004\100\004\060\004\067\004\075\004\060\004\117\000\040\004\070\000\040\004\075\004\065\004\076\004\077\004\100\004\065\004\064\004\065\004\073\004\065\004\075\004\075\004\113\004\071\000\040\004\070\004\075\004\102\004\065\004\063\004\100\004\060\004\073}{}% 74
\BOOKMARK [1][-]{section.7.1}{\376\377\004\037\004\065\004\100\004\062\004\076\004\076\004\061\004\100\004\060\004\067\004\075\004\060\004\117}{chapter.7}% 75
\BOOKMARK [1][-]{section.7.2}{\376\377\004\042\004\060\004\061\004\073\004\070\004\106\004\060\000\040\004\077\004\065\004\100\004\062\004\076\004\076\004\061\004\100\004\060\004\067\004\075\004\113\004\105}{chapter.7}% 76
\BOOKMARK [1][-]{section.7.3}{\376\377\004\041\004\062\004\076\004\071\004\101\004\102\004\062\004\060\000\040\004\075\004\065\004\076\004\077\004\100\004\065\004\064\004\065\004\073\004\121\004\075\004\075\004\076\004\063\004\076\000\040\004\070\004\075\004\102\004\065\004\063\004\100\004\060\004\073\004\060}{chapter.7}% 77
\BOOKMARK [0][-]{chapter.8}{\376\377\004\030\004\075\004\102\004\065\004\063\004\100\004\060\004\073\000\040\004\076\004\102\000\040\004\100\004\060\004\106\004\070\004\076\004\075\004\060\004\073\004\114\004\075\004\076\004\071\000\040\004\104\004\103\004\075\004\072\004\106\004\070\004\070}{}% 78
\BOOKMARK [1][-]{section.8.1}{\376\377\004\040\004\060\004\106\004\070\004\076\004\075\004\060\004\073\004\114\004\075\004\060\004\117\000\040\004\104\004\103\004\075\004\072\004\106\004\070\004\117}{chapter.8}% 79
\BOOKMARK [1][-]{section.8.2}{\376\377\004\040\004\060\004\067\004\073\004\076\004\066\004\065\004\075\004\070\004\065\000\040\004\074\004\075\004\076\004\063\004\076\004\107\004\073\004\065\004\075\004\060\000\040\004\075\004\060\000\040\004\075\004\065\004\077\004\100\004\070\004\062\004\076\004\064\004\070\004\074\004\113\004\065}{chapter.8}% 80
\BOOKMARK [1][-]{section.8.3}{\376\377\004\037\004\100\004\060\004\062\004\070\004\073\004\114\004\075\004\060\004\117\000\040\004\064\004\100\004\076\004\061\004\114}{chapter.8}% 81
\BOOKMARK [1][-]{section.8.4}{\376\377\004\055\004\073\004\065\004\074\004\065\004\075\004\102\004\060\004\100\004\075\004\060\004\117\000\040\004\064\004\100\004\076\004\061\004\114}{chapter.8}% 82
\BOOKMARK [1][-]{section.8.5}{\376\377\004\040\004\060\004\067\004\073\004\076\004\066\004\065\004\075\004\070\004\065\000\040\004\064\004\100\004\076\004\061\004\070\000\040\004\075\004\060\000\040\004\115\004\073\004\065\004\074\004\065\004\075\004\102\004\060\004\100\004\075\004\113\004\065}{chapter.8}% 83
\BOOKMARK [1][-]{section.8.6}{\376\377\004\030\004\075\004\102\004\065\004\063\004\100\004\070\004\100\004\076\004\062\004\060\004\075\004\070\004\065\000\040\004\100\004\060\004\106\004\070\004\076\004\075\004\060\004\073\004\114\004\075\004\113\004\105\000\040\004\104\004\103\004\075\004\072\004\106\004\070\004\071}{chapter.8}% 84
\BOOKMARK [1][-]{section.8.7}{\376\377\004\034\004\065\004\102\004\076\004\064\000\040\004\036\004\101\004\102\004\100\004\076\004\063\004\100\004\060\004\064\004\101\004\072\004\076\004\063\004\076}{chapter.8}% 85
\BOOKMARK [1][-]{section.8.8}{\376\377\004\040\004\060\004\106\004\070\004\076\004\075\004\060\004\073\004\114\004\075\004\113\004\065\000\040\004\104\004\103\004\075\004\072\004\106\004\070\004\070\000\040\004\076\004\102\000\040\000c\000o\000s\000\040\004\070\000\040\000s\000i\000n}{chapter.8}% 86
\BOOKMARK [0][-]{chapter.9}{\376\377\004\036\004\077\004\100\004\065\004\064\004\065\004\073\004\065\004\075\004\075\004\113\004\071\000\040\004\070\004\075\004\102\004\065\004\063\004\100\004\060\004\073}{}% 87
\BOOKMARK [1][-]{section.9.1}{\376\377\004\036\004\077\004\100\004\065\004\064\004\065\004\073\004\065\004\075\004\075\004\113\004\071\000\040\004\070\004\075\004\102\004\065\004\063\004\100\004\060\004\073\000\040\004\072\004\060\004\072\000\040\004\077\004\073\004\076\004\111\004\060\004\064\004\114}{chapter.9}% 88
\BOOKMARK [1][-]{section.9.2}{\376\377\004\030\004\075\004\102\004\065\004\063\004\100\004\060\004\073\000\040\004\040\004\070\004\074\004\060\004\075\004\060}{chapter.9}% 89
\BOOKMARK [0][-]{chapter.10}{\376\377\004\032\004\100\004\070\004\102\004\065\004\100\004\070\004\071\000\040\004\024\004\060\004\100\004\061\004\103\000\040\004\070\000\040\004\072\004\073\004\060\004\101\004\101\004\113\000\040\004\070\004\075\004\102\004\065\004\063\004\100\004\070\004\100\004\103\004\065\004\074\004\113\004\105\000\040\004\104\004\103\004\075\004\072\004\106\004\070\004\071}{}% 90
\BOOKMARK [1][-]{section.10.1}{\376\377\004\041\004\103\004\074\004\074\004\113\000\040\004\070\000\040\004\070\004\075\004\102\004\065\004\063\004\100\004\060\004\073\004\113\000\040\004\024\004\060\004\100\004\061\004\103}{chapter.10}% 91
\BOOKMARK [1][-]{section.10.2}{\376\377\004\032\004\100\004\070\004\102\004\065\004\100\004\070\004\071\000\040\004\024\004\060\004\100\004\061\004\103}{chapter.10}% 92
\BOOKMARK [1][-]{section.10.3}{\376\377\004\032\004\076\004\073\004\065\004\061\004\060\004\075\004\070\004\065\000\040\004\104\004\103\004\075\004\072\004\106\004\070\004\070}{chapter.10}% 93
\BOOKMARK [1][-]{section.10.4}{\376\377\004\030\004\075\004\102\004\065\004\063\004\100\004\070\004\100\004\103\004\065\004\074\004\076\004\101\004\102\004\114\000\040\004\074\004\076\004\064\004\103\004\073\004\117\000,\000\040\004\072\004\062\004\060\004\064\004\100\004\060\004\102\004\060\000\040\004\070\000\040\004\077\004\100\004\076\004\070\004\067\004\062\004\065\004\064\004\065\004\075\004\070\004\117\000\040\004\104\004\103\004\075\004\072\004\106\004\070\004\071}{chapter.10}% 94
\BOOKMARK [1][-]{section.10.5}{\376\377\004\030\004\075\004\102\004\065\004\063\004\100\004\070\004\100\004\103\004\065\004\074\004\076\004\101\004\102\004\114\000\040\004\074\004\076\004\075\004\076\004\102\004\076\004\075\004\075\004\076\004\071\000\040\004\104\004\103\004\075\004\072\004\106\004\070\004\070}{chapter.10}% 95
\BOOKMARK [1][-]{section.10.6}{\376\377\004\040\004\060\004\062\004\075\004\076\004\074\004\065\004\100\004\075\004\060\004\117\000\040\004\075\004\065\004\077\004\100\004\065\004\100\004\113\004\062\004\075\004\076\004\101\004\102\004\114}{chapter.10}% 96
\BOOKMARK [1][-]{section.10.7}{\376\377\004\030\004\075\004\102\004\065\004\063\004\100\004\070\004\100\004\103\004\065\004\074\004\076\004\101\004\102\004\114\000\040\004\075\004\065\004\077\004\100\004\065\004\100\004\113\004\062\004\075\004\076\004\071\000\040\004\104\004\103\004\075\004\072\004\106\004\070\004\070}{chapter.10}% 97
\BOOKMARK [1][-]{section.10.8}{\376\377\004\020\004\064\004\064\004\070\004\102\004\070\004\062\004\075\004\076\004\101\004\102\004\114\000\040\004\070\004\075\004\102\004\065\004\063\004\100\004\060\004\073\004\060}{chapter.10}% 98
\BOOKMARK [1][-]{section.10.9}{\376\377\004\044\004\076\004\100\004\074\004\103\004\073\004\060\000\040\004\035\004\114\004\116\004\102\004\076\004\075\004\060\040\023\004\033\004\065\004\071\004\061\004\075\004\070\004\106\004\060}{chapter.10}% 99
\BOOKMARK [1][-]{section.10.10}{\376\377\004\041\004\103\004\111\004\065\004\101\004\102\004\062\004\076\004\062\004\060\004\075\004\070\004\065\000\040\004\077\004\065\004\100\004\062\004\076\004\076\004\061\004\100\004\060\004\067\004\075\004\076\004\071}{chapter.10}% 100
\BOOKMARK [1][-]{section.10.11}{\376\377\004\044\004\076\004\100\004\074\004\103\004\073\004\060\000\040\004\070\004\075\004\102\004\065\004\063\004\100\004\070\004\100\004\076\004\062\004\060\004\075\004\070\004\117\000\040\004\077\004\076\000\040\004\107\004\060\004\101\004\102\004\117\004\074}{chapter.10}% 101
\BOOKMARK [0][-]{chapter.11}{\376\377\004\032\004\100\004\070\004\102\004\065\004\100\004\070\004\071\000\040\004\024\004\060\004\100\004\061\004\103\000\040\004\070\000\040\004\072\004\073\004\060\004\101\004\101\004\113\000\040\004\070\004\075\004\102\004\065\004\063\004\100\004\070\004\100\004\103\004\065\004\074\004\113\004\105\000\040\004\104\004\103\004\075\004\072\004\106\004\070\004\071}{}% 102
\BOOKMARK [1][-]{section.11.1}{\376\377\004\044\004\076\004\100\004\074\004\103\004\073\004\060\000\040\004\070\004\075\004\102\004\065\004\063\004\100\004\070\004\100\004\076\004\062\004\060\004\075\004\070\004\117\000\040\004\077\004\076\004\064\004\101\004\102\004\060\004\075\004\076\004\062\004\072\004\076\004\071}{chapter.11}% 103
\BOOKMARK [1][-]{section.11.2}{\376\377\004\034\004\065\004\100\004\060\000\040\004\026\004\076\004\100\004\064\004\060\004\075\004\060\000\040\000\050\004\064\004\076\004\077\004\076\004\073\004\075\004\070\004\102\004\065\004\073\004\114\004\075\004\113\004\071\000\040\004\074\004\060\004\102\004\065\004\100\004\070\004\060\004\073\000\051}{chapter.11}% 104
\BOOKMARK [1][-]{section.11.3}{\376\377\004\035\004\065\004\101\004\076\004\061\004\101\004\102\004\062\004\065\004\075\004\075\004\113\004\071\000\040\004\070\004\075\004\102\004\065\004\063\004\100\004\060\004\073\000\040\004\040\004\070\004\074\004\060\004\075\004\060}{chapter.11}% 105
\BOOKMARK [1][-]{section.11.4}{\376\377\004\041\004\062\004\076\004\071\004\101\004\102\004\062\004\060\000\040\004\075\004\065\004\101\004\076\004\061\004\101\004\102\004\062\004\065\004\075\004\075\004\076\004\063\004\076\000\040\004\070\004\075\004\102\004\065\004\063\004\100\004\060\004\073\004\060}{chapter.11}% 106
\BOOKMARK [1][-]{section.11.5}{\376\377\004\044\004\076\004\100\004\074\004\103\004\073\004\060\000\040\004\070\004\075\004\102\004\065\004\063\004\100\004\070\004\100\004\076\004\062\004\060\004\075\004\070\004\117\000\040\004\077\004\076\004\064\004\101\004\102\004\060\004\075\004\076\004\062\004\072\004\076\004\071}{chapter.11}% 107
\BOOKMARK [1][-]{section.11.6}{\376\377\004\044\004\076\004\100\004\074\004\103\004\073\004\060\000\040\004\070\004\075\004\102\004\065\004\063\004\100\004\070\004\100\004\076\004\062\004\060\004\075\004\070\004\117\000\040\004\077\004\076\000\040\004\107\004\060\004\101\004\102\004\117\004\074}{chapter.11}% 108
\BOOKMARK [1][-]{section.11.7}{\376\377\004\032\004\100\004\070\004\102\004\065\004\100\004\070\004\071\000\040\004\032\004\076\004\110\004\070}{chapter.11}% 109
\BOOKMARK [1][-]{section.11.8}{\376\377\004\020\004\061\004\101\004\076\004\073\004\116\004\102\004\075\004\060\004\117\000\040\004\101\004\105\004\076\004\064\004\070\004\074\004\076\004\101\004\102\004\114}{chapter.11}% 110
\BOOKMARK [1][-]{section.11.9}{\376\377\004\043\004\101\004\073\004\076\004\062\004\075\004\060\004\117\000\040\004\101\004\105\004\076\004\064\004\070\004\074\004\076\004\101\004\102\004\114}{chapter.11}% 111
\BOOKMARK [1][-]{section.11.10}{\376\377\004\035\004\065\004\101\004\076\004\061\004\101\004\102\004\062\004\065\004\075\004\075\004\113\004\071\000\040\004\070\004\075\004\102\004\065\004\063\004\100\004\060\004\073\000\040\004\076\004\102\000\040\004\067\004\075\004\060\004\072\004\076\004\077\004\076\004\101\004\102\004\076\004\117\004\075\004\075\004\076\004\071\000\040\004\104\004\103\004\075\004\072\004\106\004\070\004\070}{chapter.11}% 112
\BOOKMARK [1][-]{section.11.11}{\376\377\004\037\004\065\004\100\004\062\004\113\004\071\000\040\004\077\004\100\004\070\004\067\004\075\004\060\004\072\000\040\004\101\004\100\004\060\004\062\004\075\004\065\004\075\004\070\004\117}{chapter.11}% 113
\BOOKMARK [1][-]{section.11.12}{\376\377\004\055\004\072\004\062\004\070\004\062\004\060\004\073\004\065\004\075\004\102\004\075\004\076\004\101\004\102\004\114\000\040\004\062\000\040\004\101\004\074\004\113\004\101\004\073\004\065\000\040\004\101\004\105\004\076\004\064\004\070\004\074\004\076\004\101\004\102\004\070\000\040\004\070\004\075\004\102\004\065\004\063\004\100\004\060\004\073\004\076\004\062}{chapter.11}% 114
\BOOKMARK [1][-]{section.11.13}{\376\377\004\022\004\102\004\076\004\100\004\076\004\071\000\040\004\077\004\100\004\070\004\067\004\075\004\060\004\072\000\040\004\101\004\100\004\060\004\062\004\075\004\065\004\075\004\070\004\117}{chapter.11}% 115
\BOOKMARK [1][-]{section.11.14}{\376\377\004\037\004\065\004\100\004\062\004\113\004\071\000\040\004\077\004\100\004\070\004\067\004\075\004\060\004\072\000\040\004\101\004\100\004\060\004\062\004\075\004\065\004\075\004\070\004\117}{chapter.11}% 116
\BOOKMARK [1][-]{section.11.15}{\376\377\004\022\004\102\004\076\004\100\004\076\004\071\000\040\004\077\004\100\004\070\004\067\004\075\004\060\004\072\000\040\004\101\004\100\004\060\004\062\004\075\004\065\004\075\004\070\004\117}{chapter.11}% 117
\BOOKMARK [1][-]{section.11.16}{\376\377\004\030\004\075\004\102\004\065\004\063\004\100\004\060\004\073\004\114\004\075\004\113\004\071\000\040\004\077\004\100\004\070\004\067\004\075\004\060\004\072}{chapter.11}% 118
\BOOKMARK [1][-]{section.11.17}{\376\377\004\037\004\100\004\070\004\067\004\075\004\060\004\072\000\040\004\024\004\060\004\073\004\060\004\074\004\061\004\065\004\100\004\060}{chapter.11}% 119
\BOOKMARK [1][-]{section.11.18}{\376\377\004\040\004\060\004\064\004\070\004\072\004\060\004\073\004\114\004\075\004\113\004\071\000\040\004\077\004\100\004\070\004\067\004\075\004\060\004\072\000\040\004\032\004\076\004\110\004\070}{chapter.11}% 120
\BOOKMARK [1][-]{section.11.19}{\376\377\004\037\004\100\004\070\004\067\004\075\004\060\004\072\000\040\004\023\004\060\004\103\004\101\004\101\004\060}{chapter.11}% 121
\BOOKMARK [1][-]{section.11.20}{\376\377\004\037\004\100\004\070\004\067\004\075\004\060\004\072\000\040\004\024\004\070\004\100\004\070\004\105\004\073\004\065}{chapter.11}% 122
\BOOKMARK [1][-]{section.11.21}{\376\377\004\037\004\100\004\070\004\067\004\075\004\060\004\072\000\040\004\020\004\061\004\065\004\073\004\117}{chapter.11}% 123
\BOOKMARK [1][-]{section.11.22}{\376\377\004\037\004\100\004\070\004\067\004\075\004\060\004\072\000\040\004\033\004\065\004\071\004\061\004\075\004\070\004\106\004\060}{chapter.11}% 124
\BOOKMARK [1][-]{section.11.23}{\376\377\004\042\004\065\004\076\004\100\004\065\004\074\004\113\000\040\004\076\000\040\004\101\004\100\004\065\004\064\004\075\004\065\004\074}{chapter.11}% 125
\BOOKMARK [1][-]{section.11.24}{\376\377\004\037\004\100\004\070\004\067\004\075\004\060\004\072\000\040\004\024\004\070\004\100\004\070\004\105\004\073\004\065}{chapter.11}% 126
\BOOKMARK [1][-]{section.11.25}{\376\377\004\037\004\100\004\070\004\067\004\075\004\060\004\072\000\040\004\020\004\061\004\065\004\073\004\117}{chapter.11}% 127
\BOOKMARK [0][-]{chapter.12}{\376\377\004\035\004\065\004\072\004\076\004\102\004\076\004\100\004\113\004\065\000\040\004\077\004\100\004\070\004\073\004\076\004\066\004\065\004\075\004\070\004\117\000\040\004\070\004\075\004\102\004\065\004\063\004\100\004\060\004\073\004\060}{}% 128
\BOOKMARK [1][-]{section.12.1}{\376\377\004\022\004\113\004\107\004\070\004\101\004\073\004\065\004\075\004\070\004\065\000\040\004\077\004\073\004\076\004\111\004\060\004\064\004\070\000\040\004\077\004\073\004\076\004\101\004\072\004\070\004\105\000\040\004\102\004\065\004\073}{chapter.12}% 129
\BOOKMARK [1][-]{section.12.2}{\376\377\004\037\004\073\004\076\004\111\004\060\004\064\004\114\000\040\004\062\000\040\004\077\004\076\004\073\004\117\004\100\004\075\004\076\004\071\000\040\004\101\004\070\004\101\004\102\004\065\004\074\004\065\000\040\004\072\004\076\004\076\004\100\004\064\004\070\004\075\004\060\004\102}{chapter.12}% 130
\BOOKMARK [1][-]{section.12.3}{\376\377\004\036\004\061\004\112\004\065\004\074\000\040\004\102\004\065\004\073\000\040\004\062\004\100\004\060\004\111\004\065\004\075\004\070\004\117}{chapter.12}% 131
\BOOKMARK [1][-]{section.12.4}{\376\377\004\024\004\073\004\070\004\075\004\060\000\040\004\072\004\100\004\070\004\062\004\076\004\071}{chapter.12}% 132
\BOOKMARK [0][-]{chapter.13}{\376\377\004\037\004\100\004\065\004\064\004\065\004\073\000\040\004\104\004\103\004\075\004\072\004\106\004\070\004\070\000\040\004\075\004\065\004\101\004\072\004\076\004\073\004\114\004\072\004\070\004\105\000\040\004\077\004\065\004\100\004\065\004\074\004\065\004\075\004\075\004\113\004\105}{}% 133
\BOOKMARK [1][-]{section.13.1}{\376\377\004\034\004\065\004\102\004\100\004\070\004\107\004\065\004\101\004\072\004\076\004\065\000\040\004\077\004\100\004\076\004\101\004\102\004\100\004\060\004\075\004\101\004\102\004\062\004\076}{chapter.13}% 134
\BOOKMARK [1][-]{section.13.2}{\376\377\004\035\004\076\004\100\004\074\004\070\004\100\004\076\004\062\004\060\004\075\004\075\004\076\004\065\000\040\004\077\004\100\004\076\004\101\004\102\004\100\004\060\004\075\004\101\004\102\004\062\004\076}{chapter.13}% 135
\BOOKMARK [1][-]{section.13.3}{\376\377\004\025\004\062\004\072\004\073\004\070\004\064\004\076\004\062\004\076\000\040\004\077\004\100\004\076\004\101\004\102\004\100\004\060\004\075\004\101\004\102\004\062\004\076}{chapter.13}% 136
\BOOKMARK [1][-]{section.13.4}{\376\377\004\035\004\065\004\100\004\060\004\062\004\065\004\075\004\101\004\102\004\062\004\076\000\040\004\032\004\076\004\110\004\070\040\023\004\021\004\103\004\075\004\117\004\072\004\076\004\062\004\101\004\072\004\076\004\063\004\076}{chapter.13}% 137
\BOOKMARK [1][-]{section.13.5}{\376\377\004\037\004\100\004\065\004\064\004\065\004\073\000\040\004\062\000\040\004\074\004\065\004\102\004\100\004\070\004\107\004\065\004\101\004\072\004\076\004\074\000\040\004\077\004\100\004\076\004\101\004\102\004\100\004\060\004\075\004\101\004\102\004\062\004\065}{chapter.13}% 138
\BOOKMARK [1][-]{section.13.6}{\376\377\004\034\004\065\004\102\004\100\004\070\004\107\004\065\004\101\004\072\004\076\004\065\000\040\004\077\004\100\004\076\004\101\004\102\004\100\004\060\004\075\004\101\004\102\004\062\004\076}{chapter.13}% 139
\BOOKMARK [1][-]{section.13.7}{\376\377\004\037\004\100\004\065\004\064\004\065\004\073\000\040\004\104\004\103\004\075\004\072\004\106\004\070\004\070\000\040\004\077\004\076\000\040\004\023\004\065\004\071\004\075\004\065}{chapter.13}% 140
\BOOKMARK [1][-]{section.13.8}{\376\377\004\037\004\100\004\065\004\064\004\065\004\073\000\040\004\104\004\103\004\075\004\072\004\106\004\070\004\070\000\040\004\077\004\076\000\040\004\032\004\076\004\110\004\070}{chapter.13}% 141
\BOOKMARK [1][-]{section.13.9}{\376\377\004\055\004\072\004\062\004\070\004\062\004\060\004\073\004\065\004\075\004\102\004\075\004\076\004\101\004\102\004\114\000\040\004\076\004\077\004\100\004\065\004\064\004\065\004\073\004\065\004\075\004\070\004\071\000\040\004\077\004\100\004\065\004\064\004\065\004\073\004\060}{chapter.13}% 142
\BOOKMARK [1][-]{section.13.10}{\376\377\004\020\004\100\004\070\004\104\004\074\004\065\004\102\004\070\004\107\004\065\004\101\004\072\004\070\004\065\000\040\004\101\004\062\004\076\004\071\004\101\004\102\004\062\004\060\000\040\004\077\004\100\004\065\004\064\004\065\004\073\004\060}{chapter.13}% 143
\BOOKMARK [1][-]{section.13.11}{\376\377\004\042\004\065\004\076\004\100\004\065\004\074\004\060\000\040\004\076\000\040\004\077\004\100\004\065\004\064\004\065\004\073\004\065\000\040\004\101\004\073\004\076\004\066\004\075\004\076\004\071\000\040\004\104\004\103\004\075\004\072\004\106\004\070\004\070}{chapter.13}% 144
\BOOKMARK [1][-]{section.13.12}{\376\377\004\035\004\065\004\077\004\100\004\065\004\100\004\113\004\062\004\075\004\076\004\101\004\102\004\114\000\040\004\104\004\103\004\075\004\072\004\106\004\070\004\070}{chapter.13}% 145
\BOOKMARK [1][-]{section.13.13}{\376\377\004\035\004\065\004\077\004\100\004\065\004\100\004\113\004\062\004\075\004\076\004\101\004\102\004\114\000\040\004\072\004\076\004\074\004\077\004\076\004\067\004\070\004\106\004\070\004\070}{chapter.13}% 146
\BOOKMARK [0][-]{chapter.14}{\376\377\004\024\004\070\004\104\004\104\004\065\004\100\004\065\004\075\004\106\004\070\004\100\004\103\004\065\004\074\004\113\004\065\000\040\004\104\004\103\004\075\004\072\004\106\004\070\004\070\000\040\004\075\004\065\004\101\004\072\004\076\004\073\004\114\004\072\004\070\004\105\000\040\004\077\004\065\004\100\004\065\004\074\004\065\004\075\004\075\004\113\004\105}{}% 147
\BOOKMARK [1][-]{section.14.1}{\376\377\004\024\004\070\004\104\004\104\004\065\004\100\004\065\004\075\004\106\004\070\004\100\004\103\004\065\004\074\004\076\004\065\000\040\004\076\004\102\004\076\004\061\004\100\004\060\004\066\004\065\004\075\004\070\004\065}{chapter.14}% 148
\BOOKMARK [1][-]{section.14.2}{\376\377\004\035\004\065\004\077\004\100\004\065\004\100\004\113\004\062\004\075\004\076\004\101\004\102\004\114\000\040\004\064\004\070\004\104\004\104\004\065\004\100\004\065\004\075\004\106\004\070\004\100\004\103\004\065\004\074\004\076\004\063\004\076\000\040\004\076\004\102\004\076\004\061\004\100\004\060\004\066\004\065\004\075\004\070\004\117}{chapter.14}% 149
\BOOKMARK [1][-]{section.14.3}{\376\377\004\037\004\100\004\076\004\070\004\067\004\062\004\076\004\064\004\075\004\060\004\117\000\040\004\077\004\076\000\040\004\075\004\060\004\077\004\100\004\060\004\062\004\073\004\065\004\075\004\070\004\116}{chapter.14}% 150
\BOOKMARK [1][-]{section.14.4}{\376\377\004\047\004\060\004\101\004\102\004\075\004\060\004\117\000\040\004\077\004\100\004\076\004\070\004\067\004\062\004\076\004\064\004\075\004\060\004\117}{chapter.14}% 151
\BOOKMARK [1][-]{section.14.5}{\376\377\004\023\004\100\004\060\004\064\004\070\004\065\004\075\004\102}{chapter.14}% 152
\BOOKMARK [1][-]{section.14.6}{\376\377\004\041\004\062\004\076\004\071\004\101\004\102\004\062\004\060\000\040\004\063\004\100\004\060\004\064\004\070\004\065\004\075\004\102\004\060}{chapter.14}% 153
\BOOKMARK [1][-]{section.14.7}{\376\377\004\034\004\075\004\076\004\066\004\065\004\101\004\102\004\062\004\076\000\040\004\103\004\100\004\076\004\062\004\075\004\117}{chapter.14}% 154
\BOOKMARK [1][-]{section.14.8}{\376\377\004\034\004\060\004\102\004\100\004\070\004\106\004\060\000\040\004\057\004\072\004\076\004\061\004\070}{chapter.14}% 155
\BOOKMARK [1][-]{section.14.9}{\376\377\004\024\004\076\004\101\004\102\004\060\004\102\004\076\004\107\004\075\004\076\004\065\000\040\004\103\004\101\004\073\004\076\004\062\004\070\004\065\000\040\004\064\004\070\004\104\004\104\004\065\004\100\004\065\004\075\004\106\004\070\004\100\004\103\004\065\004\074\004\076\004\101\004\102\004\070}{chapter.14}% 156
\BOOKMARK [1][-]{section.14.10}{\376\377\004\047\004\060\004\101\004\102\004\075\004\113\004\065\000\040\004\077\004\100\004\076\004\070\004\067\004\062\004\076\004\064\004\075\004\113\004\065\000\040\004\062\004\113\004\101\004\076\004\072\004\076\004\063\004\076\000\040\004\077\004\076\004\100\004\117\004\064\004\072\004\060}{chapter.14}% 157
\BOOKMARK [1][-]{section.14.11}{\376\377\004\042\004\065\004\076\004\100\004\065\004\074\004\060\000\040\004\050\004\062\004\060\004\100\004\106\004\060}{chapter.14}% 158
\BOOKMARK [1][-]{section.14.12}{\376\377\004\042\004\065\004\076\004\100\004\065\004\074\004\060\000\040\004\056\004\075\004\063\004\060}{chapter.14}% 159
\BOOKMARK [1][-]{section.14.13}{\376\377\004\024\004\070\004\104\004\104\004\065\004\100\004\065\004\075\004\106\004\070\004\100\004\103\004\065\004\074\004\076\004\101\004\102\004\114\000\040\000\050\000m\000\040\000+\000\040\0001\000\051\000\040\004\100\004\060\004\067}{chapter.14}% 160
\BOOKMARK [1][-]{section.14.14}{\376\377\004\024\004\070\004\104\004\104\004\065\004\100\004\065\004\075\004\106\004\070\004\060\004\073\004\113\000\040\004\062\004\113\004\101\004\076\004\072\004\070\004\105\000\040\004\077\004\076\004\100\004\117\004\064\004\072\004\076\004\062}{chapter.14}% 161
\BOOKMARK [1][-]{section.14.15}{\376\377\004\037\004\100\004\060\004\062\004\070\004\073\004\060\000\040\004\064\004\070\004\104\004\104\004\065\004\100\004\065\004\075\004\106\004\070\004\100\004\076\004\062\004\060\004\075\004\070\004\117}{chapter.14}% 162
\BOOKMARK [1][-]{section.14.16}{\376\377\004\024\004\070\004\104\004\104\004\065\004\100\004\065\004\075\004\106\004\070\004\100\004\076\004\062\004\060\004\075\004\070\004\065\000\040\004\101\004\073\004\076\004\066\004\075\004\076\004\071\000\040\004\104\004\103\004\075\004\072\004\106\004\070\004\070}{chapter.14}% 163
\BOOKMARK [1][-]{section.14.17}{\376\377\004\024\004\070\004\104\004\104\004\065\004\100\004\065\004\075\004\106\004\070\004\060\004\073\000\040\004\076\004\061\004\100\004\060\004\102\004\075\004\076\004\063\004\076\000\040\004\076\004\102\004\076\004\061\004\100\004\060\004\066\004\065\004\075\004\070\004\117}{chapter.14}% 164
\BOOKMARK [0][-]{chapter.15}{\376\377\004\055\004\072\004\101\004\102\004\100\004\065\004\074\004\103\004\074\004\113\000\040\004\104\004\103\004\075\004\072\004\106\004\070\004\071\000\040\004\074\004\075\004\076\004\063\004\070\004\105\000\040\004\077\004\065\004\100\004\065\004\074\004\065\004\075\004\075\004\113\004\105}{}% 165
\BOOKMARK [1][-]{section.15.1}{\376\377\004\044\004\076\004\100\004\074\004\103\004\073\004\060\000\040\004\042\004\065\004\071\004\073\004\076\004\100\004\060\000\040\004\101\000\040\004\076\004\101\004\102\004\060\004\102\004\076\004\107\004\075\004\113\004\074\000\040\004\107\004\073\004\065\004\075\004\076\004\074\000\040\004\062\000\040\004\070\004\075\004\102\004\065\004\063\004\100\004\060\004\073\004\114\004\075\004\076\004\071\000\040\004\104\004\076\004\100\004\074\004\065}{chapter.15}% 166
\BOOKMARK [1][-]{section.15.2}{\376\377\004\044\004\076\004\100\004\074\004\103\004\073\004\060\000\040\004\042\004\065\004\071\004\073\004\076\004\100\004\060}{chapter.15}% 167
\BOOKMARK [1][-]{section.15.3}{\376\377\004\042\004\076\004\107\004\072\004\060\000\040\004\073\004\076\004\072\004\060\004\073\004\114\004\075\004\076\004\063\004\076\000\040\004\115\004\072\004\101\004\102\004\100\004\065\004\074\004\103\004\074\004\060}{chapter.15}% 168
\BOOKMARK [1][-]{section.15.4}{\376\377\004\035\004\065\004\076\004\061\004\105\004\076\004\064\004\070\004\074\004\076\004\065\000\040\004\103\004\101\004\073\004\076\004\062\004\070\004\065\000\040\004\073\004\076\004\072\004\060\004\073\004\114\004\075\004\076\004\063\004\076\000\040\004\115\004\072\004\101\004\102\004\100\004\065\004\074\004\103\004\074\004\060}{chapter.15}% 169
\BOOKMARK [1][-]{section.15.5}{\376\377\004\024\004\076\004\101\004\102\004\060\004\102\004\076\004\107\004\075\004\076\004\065\000\040\004\103\004\101\004\073\004\076\004\062\004\070\004\065\000\040\004\073\004\076\004\072\004\060\004\073\004\114\004\075\004\076\004\063\004\076\000\040\004\115\004\072\004\101\004\102\004\100\004\065\004\074\004\103\004\074\004\060}{chapter.15}% 170
\BOOKMARK [1][-]{section.15.6}{\376\377\004\032\004\100\004\070\004\102\004\065\004\100\004\070\004\071\000\040\004\041\004\070\004\073\004\114\004\062\004\065\004\101\004\102\004\100\004\060}{chapter.15}% 171
\BOOKMARK [1][-]{section.15.7}{\376\377\004\042\004\065\004\076\004\100\004\065\004\074\004\060\000\040\004\076\000\040\004\075\004\065\004\117\004\062\004\075\004\076\004\071\000\040\004\104\004\103\004\075\004\072\004\106\004\070\004\070}{chapter.15}% 172
\BOOKMARK [1][-]{section.15.8}{\376\377\004\042\004\065\004\076\004\100\004\065\004\074\004\060\000\040\004\076\000\040\004\075\004\065\004\117\004\062\004\075\004\076\004\074\000\040\004\076\004\102\004\076\004\061\004\100\004\060\004\066\004\065\004\075\004\070\004\070}{chapter.15}% 173
